2018-05-17 09:41:56.207  INFO 624 --- [main] com.chiyun.julong.JulongApplication      : Starting JulongApplication on nineSamedeMacBook-Pro.local with PID 624 (/Users/apple/IdeaProjects/JuLongGuanWang2/target/classes started by nineSame in /Users/apple/IdeaProjects/JuLongGuanWang2)
2018-05-17 09:41:56.221  INFO 624 --- [main] com.chiyun.julong.JulongApplication      : No active profile set, falling back to default profiles: default
2018-05-17 09:41:56.308  INFO 624 --- [main] ConfigServletWebServerApplicationContext : Refreshing org.springframework.boot.web.servlet.context.AnnotationConfigServletWebServerApplicationContext@60d8c9b7: startup date [Thu May 17 09:41:56 CST 2018]; root of context hierarchy
2018-05-17 09:41:57.999  INFO 624 --- [main] trationDelegate$BeanPostProcessorChecker : Bean 'org.springframework.transaction.annotation.ProxyTransactionManagementConfiguration' of type [org.springframework.transaction.annotation.ProxyTransactionManagementConfiguration$$EnhancerBySpringCGLIB$$d2dd2320] is not eligible for getting processed by all BeanPostProcessors (for example: not eligible for auto-proxying)
2018-05-17 09:41:58.658  INFO 624 --- [main] o.s.b.w.embedded.tomcat.TomcatWebServer  : Tomcat initialized with port(s): 8080 (http)
2018-05-17 09:41:58.712  INFO 624 --- [main] o.apache.catalina.core.StandardService   : Starting service [Tomcat]
2018-05-17 09:41:58.713  INFO 624 --- [main] org.apache.catalina.core.StandardEngine  : Starting Servlet Engine: Apache Tomcat/8.5.29
2018-05-17 09:41:58.727  INFO 624 --- [localhost-startStop-1] o.a.catalina.core.AprLifecycleListener   : The APR based Apache Tomcat Native library which allows optimal performance in production environments was not found on the java.library.path: [/Users/apple/Library/Java/Extensions:/Library/Java/Extensions:/Network/Library/Java/Extensions:/System/Library/Java/Extensions:/usr/lib/java:.]
2018-05-17 09:41:58.873  INFO 624 --- [localhost-startStop-1] o.a.c.c.C.[Tomcat].[localhost].[/]       : Initializing Spring embedded WebApplicationContext
2018-05-17 09:41:58.874  INFO 624 --- [localhost-startStop-1] o.s.web.context.ContextLoader            : Root WebApplicationContext: initialization completed in 2566 ms
2018-05-17 09:41:59.243  INFO 624 --- [localhost-startStop-1] o.s.b.w.servlet.ServletRegistrationBean  : Servlet dispatcherServlet mapped to [/]
2018-05-17 09:41:59.251  INFO 624 --- [localhost-startStop-1] o.s.b.w.servlet.FilterRegistrationBean   : Mapping filter: 'characterEncodingFilter' to: [/*]
2018-05-17 09:41:59.253  INFO 624 --- [localhost-startStop-1] o.s.b.w.servlet.FilterRegistrationBean   : Mapping filter: 'hiddenHttpMethodFilter' to: [/*]
2018-05-17 09:41:59.254  INFO 624 --- [localhost-startStop-1] o.s.b.w.servlet.FilterRegistrationBean   : Mapping filter: 'httpPutFormContentFilter' to: [/*]
2018-05-17 09:41:59.254  INFO 624 --- [localhost-startStop-1] o.s.b.w.servlet.FilterRegistrationBean   : Mapping filter: 'requestContextFilter' to: [/*]
2018-05-17 09:41:59.640  INFO 624 --- [main] com.zaxxer.hikari.HikariDataSource       : HikariPool-1 - Starting...
2018-05-17 09:42:00.909  INFO 624 --- [main] com.zaxxer.hikari.HikariDataSource       : HikariPool-1 - Start completed.
2018-05-17 09:42:01.009  INFO 624 --- [main] j.LocalContainerEntityManagerFactoryBean : Building JPA container EntityManagerFactory for persistence unit 'default'
2018-05-17 09:42:01.058  INFO 624 --- [main] o.hibernate.jpa.internal.util.LogHelper  : HHH000204: Processing PersistenceUnitInfo [
	name: default
	...]
2018-05-17 09:42:01.369  INFO 624 --- [main] org.hibernate.Version                    : HHH000412: Hibernate Core {5.2.16.Final}
2018-05-17 09:42:01.374  INFO 624 --- [main] org.hibernate.cfg.Environment            : HHH000206: hibernate.properties not found
2018-05-17 09:42:01.481  INFO 624 --- [main] o.hibernate.annotations.common.Version   : HCANN000001: Hibernate Commons Annotations {5.0.1.Final}
2018-05-17 09:42:01.877  INFO 624 --- [main] org.hibernate.dialect.Dialect            : HHH000400: Using dialect: org.hibernate.dialect.MySQL5Dialect
2018-05-17 09:42:07.310  WARN 624 --- [main] org.hibernate.id.UUIDHexGenerator        : HHH000409: Using org.hibernate.id.UUIDHexGenerator which does not generate IETF RFC 4122 compliant UUID values; consider using org.hibernate.id.UUIDGenerator instead
2018-05-17 09:42:07.827  INFO 624 --- [main] j.LocalContainerEntityManagerFactoryBean : Initialized JPA EntityManagerFactory for persistence unit 'default'
2018-05-17 09:42:08.879  INFO 624 --- [main] o.s.w.s.handler.SimpleUrlHandlerMapping  : Mapped URL path [/**/favicon.ico] onto handler of type [class org.springframework.web.servlet.resource.ResourceHttpRequestHandler]
2018-05-17 09:42:09.308  INFO 624 --- [main] s.w.s.m.m.a.RequestMappingHandlerAdapter : Looking for @ControllerAdvice: org.springframework.boot.web.servlet.context.AnnotationConfigServletWebServerApplicationContext@60d8c9b7: startup date [Thu May 17 09:41:56 CST 2018]; root of context hierarchy
2018-05-17 09:42:09.397  WARN 624 --- [main] aWebConfiguration$JpaWebMvcConfiguration : spring.jpa.open-in-view is enabled by default. Therefore, database queries may be performed during view rendering. Explicitly configure spring.jpa.open-in-view to disable this warning
2018-05-17 09:42:09.459  INFO 624 --- [main] s.w.s.m.m.a.RequestMappingHandlerMapping : Mapped "{[/index]}" onto public java.lang.String com.chiyun.julong.controller.UserController.index()
2018-05-17 09:42:09.460  INFO 624 --- [main] s.w.s.m.m.a.RequestMappingHandlerMapping : Mapped "{[/user/update]}" onto public com.chiyun.julong.common.ApiResult<java.lang.Object> com.chiyun.julong.controller.UserController.update(com.chiyun.julong.entity.UserEntity,javax.servlet.http.HttpServletRequest,javax.servlet.http.HttpSession) throws java.lang.Exception
2018-05-17 09:42:09.461  INFO 624 --- [main] s.w.s.m.m.a.RequestMappingHandlerMapping : Mapped "{[/user/create]}" onto public com.chiyun.julong.common.ApiResult<java.lang.Object> com.chiyun.julong.controller.UserController.create(com.chiyun.julong.entity.UserEntity,javax.servlet.http.HttpServletRequest,javax.servlet.http.HttpSession) throws java.lang.Exception
2018-05-17 09:42:09.461  INFO 624 --- [main] s.w.s.m.m.a.RequestMappingHandlerMapping : Mapped "{[/test]}" onto public java.lang.String com.chiyun.julong.controller.UserController.test()
2018-05-17 09:42:09.462  INFO 624 --- [main] s.w.s.m.m.a.RequestMappingHandlerMapping : Mapped "{[/valid]}" onto public com.chiyun.julong.common.ApiResult<java.lang.Object> com.chiyun.julong.controller.UserController.valid(java.lang.String,int,javax.servlet.http.HttpSession)
2018-05-17 09:42:09.463  INFO 624 --- [main] s.w.s.m.m.a.RequestMappingHandlerMapping : Mapped "{[/user/page]}" onto public com.chiyun.julong.common.ApiResult<java.lang.Object> com.chiyun.julong.controller.UserController.page(java.lang.String,int,int,javax.servlet.http.HttpSession)
2018-05-17 09:42:09.463  INFO 624 --- [main] s.w.s.m.m.a.RequestMappingHandlerMapping : Mapped "{[/user/display]}" onto public com.chiyun.julong.common.ApiResult<java.lang.Object> com.chiyun.julong.controller.UserController.dislpay(javax.servlet.http.HttpSession) throws java.lang.Exception
2018-05-17 09:42:09.464  INFO 624 --- [main] s.w.s.m.m.a.RequestMappingHandlerMapping : Mapped "{[/user/del]}" onto public com.chiyun.julong.common.ApiResult<java.lang.Object> com.chiyun.julong.controller.UserController.login(java.lang.String,javax.servlet.http.HttpSession) throws java.lang.Exception
2018-05-17 09:42:09.464  INFO 624 --- [main] s.w.s.m.m.a.RequestMappingHandlerMapping : Mapped "{[/login]}" onto public com.chiyun.julong.common.ApiResult<java.lang.Object> com.chiyun.julong.controller.UserController.login(java.lang.String,java.lang.String,javax.servlet.http.HttpSession) throws java.lang.Exception
2018-05-17 09:42:09.465  INFO 624 --- [main] s.w.s.m.m.a.RequestMappingHandlerMapping : Mapped "{[/setrole]}" onto public com.chiyun.julong.common.ApiResult<java.lang.Object> com.chiyun.julong.controller.UserController.setrole(java.lang.String,int,javax.servlet.http.HttpSession)
2018-05-17 09:42:09.465  INFO 624 --- [main] s.w.s.m.m.a.RequestMappingHandlerMapping : Mapped "{[/resetPassword]}" onto public com.chiyun.julong.common.ApiResult<java.lang.Object> com.chiyun.julong.controller.UserController.changepassword(java.lang.String,java.lang.String,javax.servlet.http.HttpSession) throws java.lang.Exception
2018-05-17 09:42:09.466  INFO 624 --- [main] s.w.s.m.m.a.RequestMappingHandlerMapping : Mapped "{[/user/seaarchById]}" onto public com.chiyun.julong.common.ApiResult<java.lang.Object> com.chiyun.julong.controller.UserController.searchById(java.lang.String,javax.servlet.http.HttpSession) throws java.lang.Exception
2018-05-17 09:42:09.469  INFO 624 --- [main] s.w.s.m.m.a.RequestMappingHandlerMapping : Mapped "{[/news/update]}" onto public com.chiyun.julong.common.ApiResult<java.lang.Object> com.chiyun.julong.controller.newsController.update(com.chiyun.julong.entity.newsEntity,javax.servlet.http.HttpServletRequest,javax.servlet.http.HttpSession) throws java.lang.Exception
2018-05-17 09:42:09.470  INFO 624 --- [main] s.w.s.m.m.a.RequestMappingHandlerMapping : Mapped "{[/news/create]}" onto public com.chiyun.julong.common.ApiResult<java.lang.Object> com.chiyun.julong.controller.newsController.create(com.chiyun.julong.entity.newsEntity,javax.servlet.http.HttpServletRequest,javax.servlet.http.HttpSession) throws java.lang.Exception
2018-05-17 09:42:09.470  INFO 624 --- [main] s.w.s.m.m.a.RequestMappingHandlerMapping : Mapped "{[/news/display]}" onto public com.chiyun.julong.common.ApiResult<java.lang.Object> com.chiyun.julong.controller.newsController.lb(javax.servlet.http.HttpSession) throws java.lang.Exception
2018-05-17 09:42:09.470  INFO 624 --- [main] s.w.s.m.m.a.RequestMappingHandlerMapping : Mapped "{[/news/page]}" onto public com.chiyun.julong.common.ApiResult<java.lang.Object> com.chiyun.julong.controller.newsController.page(int,int,javax.servlet.http.HttpSession)
2018-05-17 09:42:09.471  INFO 624 --- [main] s.w.s.m.m.a.RequestMappingHandlerMapping : Mapped "{[/news/del]}" onto public com.chiyun.julong.common.ApiResult<java.lang.Object> com.chiyun.julong.controller.newsController.del(java.lang.String,javax.servlet.http.HttpSession) throws java.lang.Exception
2018-05-17 09:42:09.472  INFO 624 --- [main] s.w.s.m.m.a.RequestMappingHandlerMapping : Mapped "{[/banner/update]}" onto public com.chiyun.julong.common.ApiResult<java.lang.Object> com.chiyun.julong.controller.photoController.update(com.chiyun.julong.entity.photoEntity,javax.servlet.http.HttpServletRequest,javax.servlet.http.HttpSession) throws java.lang.Exception
2018-05-17 09:42:09.472  INFO 624 --- [main] s.w.s.m.m.a.RequestMappingHandlerMapping : Mapped "{[/banner/create]}" onto public com.chiyun.julong.common.ApiResult<java.lang.Object> com.chiyun.julong.controller.photoController.create(com.chiyun.julong.entity.photoEntity,javax.servlet.http.HttpServletRequest,javax.servlet.http.HttpSession) throws java.lang.Exception
2018-05-17 09:42:09.472  INFO 624 --- [main] s.w.s.m.m.a.RequestMappingHandlerMapping : Mapped "{[/banner/display]}" onto public com.chiyun.julong.common.ApiResult<java.lang.Object> com.chiyun.julong.controller.photoController.lb(javax.servlet.http.HttpSession) throws java.lang.Exception
2018-05-17 09:42:09.473  INFO 624 --- [main] s.w.s.m.m.a.RequestMappingHandlerMapping : Mapped "{[/banner/del]}" onto public com.chiyun.julong.common.ApiResult<java.lang.Object> com.chiyun.julong.controller.photoController.del(java.lang.String,javax.servlet.http.HttpSession) throws java.lang.Exception
2018-05-17 09:42:09.477  INFO 624 --- [main] s.w.s.m.m.a.RequestMappingHandlerMapping : Mapped "{[/error]}" onto public org.springframework.http.ResponseEntity<java.util.Map<java.lang.String, java.lang.Object>> org.springframework.boot.autoconfigure.web.servlet.error.BasicErrorController.error(javax.servlet.http.HttpServletRequest)
2018-05-17 09:42:09.479  INFO 624 --- [main] s.w.s.m.m.a.RequestMappingHandlerMapping : Mapped "{[/error],produces=[text/html]}" onto public org.springframework.web.servlet.ModelAndView org.springframework.boot.autoconfigure.web.servlet.error.BasicErrorController.errorHtml(javax.servlet.http.HttpServletRequest,javax.servlet.http.HttpServletResponse)
2018-05-17 09:42:09.530  INFO 624 --- [main] o.s.w.s.handler.SimpleUrlHandlerMapping  : Mapped URL path [/webjars/**] onto handler of type [class org.springframework.web.servlet.resource.ResourceHttpRequestHandler]
2018-05-17 09:42:09.531  INFO 624 --- [main] o.s.w.s.handler.SimpleUrlHandlerMapping  : Mapped URL path [/**] onto handler of type [class org.springframework.web.servlet.resource.ResourceHttpRequestHandler]
2018-05-17 09:42:09.661  INFO 624 --- [main] o.s.b.a.w.s.WelcomePageHandlerMapping    : Adding welcome page: ServletContext resource [/index.html]
2018-05-17 09:42:09.946  INFO 624 --- [main] o.s.j.e.a.AnnotationMBeanExporter        : Registering beans for JMX exposure on startup
2018-05-17 09:42:09.948  INFO 624 --- [main] o.s.j.e.a.AnnotationMBeanExporter        : Bean with name 'dataSource' has been autodetected for JMX exposure
2018-05-17 09:42:09.956  INFO 624 --- [main] o.s.j.e.a.AnnotationMBeanExporter        : Located MBean 'dataSource': registering with JMX server as MBean [com.zaxxer.hikari:name=dataSource,type=HikariDataSource]
2018-05-17 09:42:10.014  INFO 624 --- [main] o.s.b.w.embedded.tomcat.TomcatWebServer  : Tomcat started on port(s): 8080 (http) with context path ''
2018-05-17 09:42:10.019  INFO 624 --- [main] com.chiyun.julong.JulongApplication      : Started JulongApplication in 29.705 seconds (JVM running for 31.331)
2018-05-17 09:42:14.430  INFO 624 --- [http-nio-8080-exec-1] o.a.c.c.C.[Tomcat].[localhost].[/]       : Initializing Spring FrameworkServlet 'dispatcherServlet'
2018-05-17 09:42:14.431  INFO 624 --- [http-nio-8080-exec-1] o.s.web.servlet.DispatcherServlet        : FrameworkServlet 'dispatcherServlet': initialization started
2018-05-17 09:42:14.456  INFO 624 --- [http-nio-8080-exec-1] o.s.web.servlet.DispatcherServlet        : FrameworkServlet 'dispatcherServlet': initialization completed in 25 ms
2018-05-17 09:42:17.769  INFO 624 --- [http-nio-8080-exec-8] o.h.h.i.QueryTranslatorFactoryInitiator  : HHH000397: Using ASTQueryTranslatorFactory
2018-05-17 09:48:48.397  WARN 624 --- [http-nio-8080-exec-6] com.zaxxer.hikari.pool.PoolBase          : HikariPool-1 - Failed to validate connection com.mysql.jdbc.JDBC4Connection@134c8fb5 (No operations allowed after connection closed.)
